{"/home/josemmanuel/Escritorio/calculadora-jest/src/calculadora.js": {"path":"/home/josemmanuel/Escritorio/calculadora-jest/src/calculadora.js","statementMap":{"0":{"start":{"line":5,"column":4},"end":{"line":5,"column":24}},"1":{"start":{"line":10,"column":4},"end":{"line":12,"column":5}},"2":{"start":{"line":11,"column":6},"end":{"line":11,"column":60}},"3":{"start":{"line":16,"column":4},"end":{"line":20,"column":7}},"4":{"start":{"line":24,"column":4},"end":{"line":24,"column":26}},"5":{"start":{"line":25,"column":4},"end":{"line":25,"column":26}},"6":{"start":{"line":27,"column":22},"end":{"line":27,"column":27}},"7":{"start":{"line":28,"column":4},"end":{"line":28,"column":54}},"8":{"start":{"line":29,"column":4},"end":{"line":29,"column":21}},"9":{"start":{"line":33,"column":4},"end":{"line":33,"column":26}},"10":{"start":{"line":34,"column":4},"end":{"line":34,"column":26}},"11":{"start":{"line":36,"column":22},"end":{"line":36,"column":27}},"12":{"start":{"line":37,"column":4},"end":{"line":37,"column":54}},"13":{"start":{"line":38,"column":4},"end":{"line":38,"column":21}},"14":{"start":{"line":42,"column":4},"end":{"line":42,"column":26}},"15":{"start":{"line":43,"column":4},"end":{"line":43,"column":26}},"16":{"start":{"line":45,"column":22},"end":{"line":45,"column":27}},"17":{"start":{"line":46,"column":4},"end":{"line":46,"column":54}},"18":{"start":{"line":47,"column":4},"end":{"line":47,"column":21}},"19":{"start":{"line":51,"column":4},"end":{"line":51,"column":26}},"20":{"start":{"line":52,"column":4},"end":{"line":52,"column":26}},"21":{"start":{"line":54,"column":4},"end":{"line":56,"column":5}},"22":{"start":{"line":55,"column":6},"end":{"line":55,"column":56}},"23":{"start":{"line":58,"column":22},"end":{"line":58,"column":27}},"24":{"start":{"line":59,"column":4},"end":{"line":59,"column":54}},"25":{"start":{"line":60,"column":4},"end":{"line":60,"column":21}},"26":{"start":{"line":64,"column":4},"end":{"line":64,"column":26}},"27":{"start":{"line":68,"column":4},"end":{"line":68,"column":24}},"28":{"start":{"line":73,"column":0},"end":{"line":75,"column":1}},"29":{"start":{"line":74,"column":2},"end":{"line":74,"column":35}},"30":{"start":{"line":78,"column":0},"end":{"line":80,"column":1}},"31":{"start":{"line":79,"column":2},"end":{"line":79,"column":31}}},"fnMap":{"0":{"name":"(anonymous_0)","decl":{"start":{"line":4,"column":2},"end":{"line":4,"column":3}},"loc":{"start":{"line":4,"column":16},"end":{"line":6,"column":3}},"line":4},"1":{"name":"(anonymous_1)","decl":{"start":{"line":9,"column":2},"end":{"line":9,"column":3}},"loc":{"start":{"line":9,"column":23},"end":{"line":13,"column":3}},"line":9},"2":{"name":"(anonymous_2)","decl":{"start":{"line":15,"column":2},"end":{"line":15,"column":3}},"loc":{"start":{"line":15,"column":43},"end":{"line":21,"column":3}},"line":15},"3":{"name":"(anonymous_3)","decl":{"start":{"line":23,"column":2},"end":{"line":23,"column":3}},"loc":{"start":{"line":23,"column":14},"end":{"line":30,"column":3}},"line":23},"4":{"name":"(anonymous_4)","decl":{"start":{"line":32,"column":2},"end":{"line":32,"column":3}},"loc":{"start":{"line":32,"column":15},"end":{"line":39,"column":3}},"line":32},"5":{"name":"(anonymous_5)","decl":{"start":{"line":41,"column":2},"end":{"line":41,"column":3}},"loc":{"start":{"line":41,"column":20},"end":{"line":48,"column":3}},"line":41},"6":{"name":"(anonymous_6)","decl":{"start":{"line":50,"column":2},"end":{"line":50,"column":3}},"loc":{"start":{"line":50,"column":16},"end":{"line":61,"column":3}},"line":50},"7":{"name":"(anonymous_7)","decl":{"start":{"line":63,"column":2},"end":{"line":63,"column":3}},"loc":{"start":{"line":63,"column":21},"end":{"line":65,"column":3}},"line":63},"8":{"name":"(anonymous_8)","decl":{"start":{"line":67,"column":2},"end":{"line":67,"column":3}},"loc":{"start":{"line":67,"column":21},"end":{"line":69,"column":3}},"line":67}},"branchMap":{"0":{"loc":{"start":{"line":10,"column":4},"end":{"line":12,"column":5}},"type":"if","locations":[{"start":{"line":10,"column":4},"end":{"line":12,"column":5}},{"start":{},"end":{}}],"line":10},"1":{"loc":{"start":{"line":10,"column":8},"end":{"line":10,"column":49}},"type":"binary-expr","locations":[{"start":{"line":10,"column":8},"end":{"line":10,"column":33}},{"start":{"line":10,"column":37},"end":{"line":10,"column":49}}],"line":10},"2":{"loc":{"start":{"line":54,"column":4},"end":{"line":56,"column":5}},"type":"if","locations":[{"start":{"line":54,"column":4},"end":{"line":56,"column":5}},{"start":{},"end":{}}],"line":54},"3":{"loc":{"start":{"line":73,"column":0},"end":{"line":75,"column":1}},"type":"if","locations":[{"start":{"line":73,"column":0},"end":{"line":75,"column":1}},{"start":{},"end":{}}],"line":73},"4":{"loc":{"start":{"line":78,"column":0},"end":{"line":80,"column":1}},"type":"if","locations":[{"start":{"line":78,"column":0},"end":{"line":80,"column":1}},{"start":{},"end":{}}],"line":78}},"s":{"0":4,"1":8,"2":0,"3":3,"4":3,"5":3,"6":3,"7":3,"8":3,"9":0,"10":0,"11":0,"12":0,"13":0,"14":0,"15":0,"16":0,"17":0,"18":0,"19":1,"20":1,"21":1,"22":1,"23":0,"24":0,"25":0,"26":2,"27":1,"28":1,"29":0,"30":1,"31":1},"f":{"0":4,"1":8,"2":3,"3":3,"4":0,"5":0,"6":1,"7":2,"8":1},"b":{"0":[0,8],"1":[8,8],"2":[1,0],"3":[0,1],"4":[1,0]},"_coverageSchema":"1a1c01bbd47fc00a2c39e90264f33305004495a9","hash":"2c2edcdce4779f83bc2441b0f2c8ed7d775f1ae7"}
}
