TN:
SF:src/calculadora.js
FN:4,(anonymous_0)
FN:9,(anonymous_1)
FN:15,(anonymous_2)
FN:23,(anonymous_3)
FN:32,(anonymous_4)
FN:41,(anonymous_5)
FN:50,(anonymous_6)
FN:63,(anonymous_7)
FN:67,(anonymous_8)
FNF:9
FNH:9
FNDA:20,(anonymous_0)
FNDA:24,(anonymous_1)
FNDA:10,(anonymous_2)
FNDA:8,(anonymous_3)
FNDA:1,(anonymous_4)
FNDA:1,(anonymous_5)
FNDA:3,(anonymous_6)
FNDA:5,(anonymous_7)
FNDA:1,(anonymous_8)
DA:5,20
DA:10,24
DA:11,2
DA:16,10
DA:24,8
DA:25,6
DA:27,6
DA:28,6
DA:29,6
DA:33,1
DA:34,1
DA:36,1
DA:37,1
DA:38,1
DA:42,1
DA:43,1
DA:45,1
DA:46,1
DA:47,1
DA:51,3
DA:52,3
DA:54,3
DA:55,1
DA:58,2
DA:59,2
DA:60,2
DA:64,5
DA:68,1
LF:28
LH:28
BRDA:10,0,0,2
BRDA:10,0,1,22
BRDA:10,1,0,24
BRDA:10,1,1,23
BRDA:54,2,0,1
BRDA:54,2,1,2
BRF:6
BRH:6
end_of_record
