TN:
SF:src/calculadora.js
FN:4,(anonymous_0)
FN:9,(anonymous_1)
FN:15,(anonymous_2)
FN:23,(anonymous_3)
FN:32,(anonymous_4)
FN:41,(anonymous_5)
FN:50,(anonymous_6)
FN:63,(anonymous_7)
FN:67,(anonymous_8)
FNF:9
FNH:7
FNDA:4,(anonymous_0)
FNDA:8,(anonymous_1)
FNDA:3,(anonymous_2)
FNDA:3,(anonymous_3)
FNDA:0,(anonymous_4)
FNDA:0,(anonymous_5)
FNDA:1,(anonymous_6)
FNDA:2,(anonymous_7)
FNDA:1,(anonymous_8)
DA:5,4
DA:10,8
DA:11,0
DA:16,3
DA:24,3
DA:25,3
DA:27,3
DA:28,3
DA:29,3
DA:33,0
DA:34,0
DA:36,0
DA:37,0
DA:38,0
DA:42,0
DA:43,0
DA:45,0
DA:46,0
DA:47,0
DA:51,1
DA:52,1
DA:54,1
DA:55,1
DA:58,0
DA:59,0
DA:60,0
DA:64,2
DA:68,1
DA:73,1
DA:74,0
DA:78,1
DA:79,1
LF:32
LH:17
BRDA:10,0,0,0
BRDA:10,0,1,8
BRDA:10,1,0,8
BRDA:10,1,1,8
BRDA:54,2,0,1
BRDA:54,2,1,0
BRDA:73,3,0,0
BRDA:73,3,1,1
BRDA:78,4,0,1
BRDA:78,4,1,0
BRF:10
BRH:6
end_of_record
